[2025-03-09T18:55:49.180+0000] {manager.py:487} INFO - Processing files using up to 2 processes at a time 
[2025-03-09T18:55:49.181+0000] {manager.py:488} INFO - Process each file at most once every 30 seconds
[2025-03-09T18:55:49.181+0000] {manager.py:490} INFO - Checking for new files in /opt/airflow/dags every 300 seconds
[2025-03-09T18:55:49.181+0000] {manager.py:758} INFO - Searching for files in /opt/airflow/dags
[2025-03-09T18:55:49.182+0000] {manager.py:761} INFO - There are 1 files in /opt/airflow/dags
[2025-03-09T18:55:49.242+0000] {manager.py:889} INFO - 
================================================================================
DAG File Processing Stats

File Path                           PID  Runtime      # DAGs    # Errors  Last Runtime    Last Run
--------------------------------  -----  ---------  --------  ----------  --------------  ----------
/opt/airflow/dags/example_dag.py     19  0.03s             0           0
================================================================================
[2025-03-09T18:56:19.433+0000] {manager.py:889} INFO - 
================================================================================
DAG File Processing Stats

File Path                           PID  Runtime      # DAGs    # Errors  Last Runtime    Last Run
--------------------------------  -----  ---------  --------  ----------  --------------  -------------------
/opt/airflow/dags/example_dag.py     20  0.00s             1           0  0.19s           2025-03-09T18:55:49
================================================================================
[2025-03-09T18:56:49.591+0000] {manager.py:889} INFO - 
================================================================================
DAG File Processing Stats

File Path                           PID  Runtime      # DAGs    # Errors  Last Runtime    Last Run
--------------------------------  -----  ---------  --------  ----------  --------------  -------------------
/opt/airflow/dags/example_dag.py     21  0.00s             1           0  0.08s           2025-03-09T18:56:19
================================================================================
[2025-03-09T18:57:17.596+0000] {manager.py:470} INFO - Exiting gracefully upon receiving signal 15
[2025-03-09T18:57:27.744+0000] {manager.py:487} INFO - Processing files using up to 2 processes at a time 
[2025-03-09T18:57:27.745+0000] {manager.py:488} INFO - Process each file at most once every 30 seconds
[2025-03-09T18:57:27.745+0000] {manager.py:490} INFO - Checking for new files in /opt/airflow/dags every 300 seconds
[2025-03-09T18:57:27.745+0000] {manager.py:758} INFO - Searching for files in /opt/airflow/dags
[2025-03-09T18:57:27.746+0000] {manager.py:761} INFO - There are 1 files in /opt/airflow/dags
[2025-03-09T18:57:27.802+0000] {manager.py:889} INFO - 
================================================================================
DAG File Processing Stats

File Path                           PID  Runtime      # DAGs    # Errors  Last Runtime    Last Run
--------------------------------  -----  ---------  --------  ----------  --------------  ----------
/opt/airflow/dags/example_dag.py     19  0.03s             0           0
================================================================================
[2025-03-09T18:57:57.997+0000] {manager.py:889} INFO - 
================================================================================
DAG File Processing Stats

File Path                           PID  Runtime      # DAGs    # Errors  Last Runtime    Last Run
--------------------------------  -----  ---------  --------  ----------  --------------  -------------------
/opt/airflow/dags/example_dag.py     20  0.00s             1           0  0.20s           2025-03-09T18:57:27
================================================================================
[2025-03-09T18:58:28.163+0000] {manager.py:889} INFO - 
================================================================================
DAG File Processing Stats

File Path                           PID  Runtime      # DAGs    # Errors  Last Runtime    Last Run
--------------------------------  -----  ---------  --------  ----------  --------------  -------------------
/opt/airflow/dags/example_dag.py     21  0.00s             1           0  0.08s           2025-03-09T18:57:58
================================================================================
[2025-03-09T18:58:58.279+0000] {manager.py:889} INFO - 
================================================================================
DAG File Processing Stats

File Path                           PID  Runtime      # DAGs    # Errors  Last Runtime    Last Run
--------------------------------  -----  ---------  --------  ----------  --------------  -------------------
/opt/airflow/dags/example_dag.py     22  0.00s             1           0  0.08s           2025-03-09T18:58:28
================================================================================
[2025-03-09T18:59:28.441+0000] {manager.py:889} INFO - 
================================================================================
DAG File Processing Stats

File Path                           PID  Runtime      # DAGs    # Errors  Last Runtime    Last Run
--------------------------------  -----  ---------  --------  ----------  --------------  -------------------
/opt/airflow/dags/example_dag.py     23  0.00s             1           0  0.08s           2025-03-09T18:58:58
================================================================================
[2025-03-09T18:59:58.555+0000] {manager.py:889} INFO - 
================================================================================
DAG File Processing Stats

File Path                           PID  Runtime      # DAGs    # Errors  Last Runtime    Last Run
--------------------------------  -----  ---------  --------  ----------  --------------  -------------------
/opt/airflow/dags/example_dag.py     24  0.00s             1           0  0.07s           2025-03-09T18:59:28
================================================================================
[2025-03-09T19:00:28.703+0000] {manager.py:889} INFO - 
================================================================================
DAG File Processing Stats

File Path                           PID  Runtime      # DAGs    # Errors  Last Runtime    Last Run
--------------------------------  -----  ---------  --------  ----------  --------------  -------------------
/opt/airflow/dags/example_dag.py     25  0.00s             1           0  0.08s           2025-03-09T18:59:58
================================================================================
[2025-03-09T19:00:58.825+0000] {manager.py:889} INFO - 
================================================================================
DAG File Processing Stats

File Path                           PID  Runtime      # DAGs    # Errors  Last Runtime    Last Run
--------------------------------  -----  ---------  --------  ----------  --------------  -------------------
/opt/airflow/dags/example_dag.py     26  0.00s             1           0  0.08s           2025-03-09T19:00:28
================================================================================
[2025-03-09T19:01:28.971+0000] {manager.py:889} INFO - 
================================================================================
DAG File Processing Stats

File Path                           PID  Runtime      # DAGs    # Errors  Last Runtime    Last Run
--------------------------------  -----  ---------  --------  ----------  --------------  -------------------
/opt/airflow/dags/example_dag.py     27  0.00s             1           0  0.08s           2025-03-09T19:00:58
================================================================================
[2025-03-09T19:01:59.084+0000] {manager.py:889} INFO - 
================================================================================
DAG File Processing Stats

File Path                           PID  Runtime      # DAGs    # Errors  Last Runtime    Last Run
--------------------------------  -----  ---------  --------  ----------  --------------  -------------------
/opt/airflow/dags/example_dag.py     28  0.00s             1           0  0.08s           2025-03-09T19:01:29
================================================================================
[2025-03-09T19:02:28.218+0000] {manager.py:758} INFO - Searching for files in /opt/airflow/dags
[2025-03-09T19:02:28.219+0000] {manager.py:761} INFO - There are 2 files in /opt/airflow/dags
[2025-03-09T19:02:29.247+0000] {manager.py:889} INFO - 
================================================================================
DAG File Processing Stats

File Path                                 PID  Runtime      # DAGs    # Errors  Last Runtime    Last Run
--------------------------------------  -----  ---------  --------  ----------  --------------  -------------------
/opt/airflow/dags/simblock_workflow.py                           0           1  0.03s           2025-03-09T19:02:28
/opt/airflow/dags/example_dag.py           30  0.00s             1           0  0.08s           2025-03-09T19:01:59
================================================================================
[2025-03-09T19:02:59.371+0000] {manager.py:889} INFO - 
================================================================================
DAG File Processing Stats

File Path                                 PID  Runtime      # DAGs    # Errors  Last Runtime    Last Run
--------------------------------------  -----  ---------  --------  ----------  --------------  -------------------
/opt/airflow/dags/simblock_workflow.py                           0           1  0.04s           2025-03-09T19:02:58
/opt/airflow/dags/example_dag.py           32  0.00s             1           0  0.08s           2025-03-09T19:02:29
================================================================================
[2025-03-09T19:03:29.519+0000] {manager.py:889} INFO - 
================================================================================
DAG File Processing Stats

File Path                                 PID  Runtime      # DAGs    # Errors  Last Runtime    Last Run
--------------------------------------  -----  ---------  --------  ----------  --------------  -------------------
/opt/airflow/dags/simblock_workflow.py                           0           1  0.04s           2025-03-09T19:03:04
/opt/airflow/dags/example_dag.py           34  0.00s             1           0  0.08s           2025-03-09T19:02:59
================================================================================
[2025-03-09T19:03:59.645+0000] {manager.py:889} INFO - 
================================================================================
DAG File Processing Stats

File Path                                 PID  Runtime      # DAGs    # Errors  Last Runtime    Last Run
--------------------------------------  -----  ---------  --------  ----------  --------------  -------------------
/opt/airflow/dags/simblock_workflow.py                           0           1  0.04s           2025-03-09T19:03:34
/opt/airflow/dags/example_dag.py           36  0.00s             1           0  0.07s           2025-03-09T19:03:29
================================================================================
[2025-03-09T19:04:29.769+0000] {manager.py:889} INFO - 
================================================================================
DAG File Processing Stats

File Path                                 PID  Runtime      # DAGs    # Errors  Last Runtime    Last Run
--------------------------------------  -----  ---------  --------  ----------  --------------  -------------------
/opt/airflow/dags/simblock_workflow.py                           0           1  0.04s           2025-03-09T19:04:04
/opt/airflow/dags/example_dag.py           38  0.00s             1           0  0.08s           2025-03-09T19:03:59
================================================================================
[2025-03-09T19:04:59.886+0000] {manager.py:889} INFO - 
================================================================================
DAG File Processing Stats

File Path                                 PID  Runtime      # DAGs    # Errors  Last Runtime    Last Run
--------------------------------------  -----  ---------  --------  ----------  --------------  -------------------
/opt/airflow/dags/simblock_workflow.py                           0           1  0.03s           2025-03-09T19:04:34
/opt/airflow/dags/example_dag.py           40  0.00s             1           0  0.08s           2025-03-09T19:04:29
================================================================================
[2025-03-09T19:05:30.015+0000] {manager.py:889} INFO - 
================================================================================
DAG File Processing Stats

File Path                                 PID  Runtime      # DAGs    # Errors  Last Runtime    Last Run
--------------------------------------  -----  ---------  --------  ----------  --------------  -------------------
/opt/airflow/dags/simblock_workflow.py                           0           1  0.04s           2025-03-09T19:05:04
/opt/airflow/dags/example_dag.py           42  0.00s             1           0  0.08s           2025-03-09T19:04:59
================================================================================
[2025-03-09T19:06:00.131+0000] {manager.py:889} INFO - 
================================================================================
DAG File Processing Stats

File Path                                 PID  Runtime      # DAGs    # Errors  Last Runtime    Last Run
--------------------------------------  -----  ---------  --------  ----------  --------------  -------------------
/opt/airflow/dags/simblock_workflow.py                           0           1  0.04s           2025-03-09T19:05:35
/opt/airflow/dags/example_dag.py           44  0.00s             1           0  0.08s           2025-03-09T19:05:30
================================================================================
[2025-03-09T19:06:30.257+0000] {manager.py:889} INFO - 
================================================================================
DAG File Processing Stats

File Path                                 PID  Runtime      # DAGs    # Errors  Last Runtime    Last Run
--------------------------------------  -----  ---------  --------  ----------  --------------  -------------------
/opt/airflow/dags/simblock_workflow.py                           0           1  0.03s           2025-03-09T19:06:05
/opt/airflow/dags/example_dag.py           46  0.00s             1           0  0.07s           2025-03-09T19:06:00
================================================================================
[2025-03-09T19:07:00.377+0000] {manager.py:889} INFO - 
================================================================================
DAG File Processing Stats

File Path                                 PID  Runtime      # DAGs    # Errors  Last Runtime    Last Run
--------------------------------------  -----  ---------  --------  ----------  --------------  -------------------
/opt/airflow/dags/simblock_workflow.py                           0           1  0.04s           2025-03-09T19:06:35
/opt/airflow/dags/example_dag.py           48  0.00s             1           0  0.07s           2025-03-09T19:06:30
================================================================================
[2025-03-09T19:07:28.488+0000] {manager.py:758} INFO - Searching for files in /opt/airflow/dags
[2025-03-09T19:07:28.489+0000] {manager.py:761} INFO - There are 2 files in /opt/airflow/dags
[2025-03-09T19:07:30.508+0000] {manager.py:889} INFO - 
================================================================================
DAG File Processing Stats

File Path                                 PID  Runtime      # DAGs    # Errors  Last Runtime    Last Run
--------------------------------------  -----  ---------  --------  ----------  --------------  -------------------
/opt/airflow/dags/simblock_workflow.py                           0           1  0.04s           2025-03-09T19:07:05
/opt/airflow/dags/example_dag.py           50  0.00s             1           0  0.08s           2025-03-09T19:07:00
================================================================================
[2025-03-09T19:08:00.628+0000] {manager.py:889} INFO - 
================================================================================
DAG File Processing Stats

File Path                                 PID  Runtime      # DAGs    # Errors  Last Runtime    Last Run
--------------------------------------  -----  ---------  --------  ----------  --------------  -------------------
/opt/airflow/dags/simblock_workflow.py                           0           1  0.04s           2025-03-09T19:07:35
/opt/airflow/dags/example_dag.py           52  0.00s             1           0  0.08s           2025-03-09T19:07:30
================================================================================
