[2025-03-09T18:55:49.219+0000] {processor.py:156} INFO - Started process (PID=19) to work on /opt/airflow/dags/example_dag.py
[2025-03-09T18:55:49.220+0000] {processor.py:799} INFO - Processing file /opt/airflow/dags/example_dag.py for tasks to queue
[2025-03-09T18:55:49.220+0000] {logging_mixin.py:149} INFO - [2025-03-09T18:55:49.220+0000] {dagbag.py:541} INFO - Filling up the DagBag from /opt/airflow/dags/example_dag.py
[2025-03-09T18:55:49.234+0000] {processor.py:809} INFO - DAG(s) dict_keys(['simblock_example']) retrieved from /opt/airflow/dags/example_dag.py
[2025-03-09T18:55:49.364+0000] {logging_mixin.py:149} INFO - [2025-03-09T18:55:49.364+0000] {dag.py:2726} INFO - Sync 1 DAGs
[2025-03-09T18:55:49.383+0000] {logging_mixin.py:149} INFO - [2025-03-09T18:55:49.383+0000] {dag.py:3490} INFO - Setting next_dagrun for simblock_example to None, run_after=None
[2025-03-09T18:55:49.394+0000] {processor.py:178} INFO - Processing /opt/airflow/dags/example_dag.py took 0.177 seconds
[2025-03-09T18:56:19.436+0000] {processor.py:156} INFO - Started process (PID=20) to work on /opt/airflow/dags/example_dag.py
[2025-03-09T18:56:19.437+0000] {processor.py:799} INFO - Processing file /opt/airflow/dags/example_dag.py for tasks to queue
[2025-03-09T18:56:19.437+0000] {logging_mixin.py:149} INFO - [2025-03-09T18:56:19.437+0000] {dagbag.py:541} INFO - Filling up the DagBag from /opt/airflow/dags/example_dag.py
[2025-03-09T18:56:19.446+0000] {processor.py:809} INFO - DAG(s) dict_keys(['simblock_example']) retrieved from /opt/airflow/dags/example_dag.py
[2025-03-09T18:56:19.474+0000] {logging_mixin.py:149} INFO - [2025-03-09T18:56:19.474+0000] {dag.py:2726} INFO - Sync 1 DAGs
[2025-03-09T18:56:19.493+0000] {logging_mixin.py:149} INFO - [2025-03-09T18:56:19.493+0000] {dag.py:3490} INFO - Setting next_dagrun for simblock_example to None, run_after=None
[2025-03-09T18:56:19.505+0000] {processor.py:178} INFO - Processing /opt/airflow/dags/example_dag.py took 0.071 seconds
[2025-03-09T18:56:49.594+0000] {processor.py:156} INFO - Started process (PID=21) to work on /opt/airflow/dags/example_dag.py
[2025-03-09T18:56:49.594+0000] {processor.py:799} INFO - Processing file /opt/airflow/dags/example_dag.py for tasks to queue
[2025-03-09T18:56:49.595+0000] {logging_mixin.py:149} INFO - [2025-03-09T18:56:49.595+0000] {dagbag.py:541} INFO - Filling up the DagBag from /opt/airflow/dags/example_dag.py
[2025-03-09T18:56:49.603+0000] {processor.py:809} INFO - DAG(s) dict_keys(['simblock_example']) retrieved from /opt/airflow/dags/example_dag.py
[2025-03-09T18:56:49.625+0000] {logging_mixin.py:149} INFO - [2025-03-09T18:56:49.625+0000] {dag.py:2726} INFO - Sync 1 DAGs
[2025-03-09T18:56:49.644+0000] {logging_mixin.py:149} INFO - [2025-03-09T18:56:49.644+0000] {dag.py:3490} INFO - Setting next_dagrun for simblock_example to None, run_after=None
[2025-03-09T18:56:49.654+0000] {processor.py:178} INFO - Processing /opt/airflow/dags/example_dag.py took 0.063 seconds
[2025-03-09T18:57:27.783+0000] {processor.py:156} INFO - Started process (PID=19) to work on /opt/airflow/dags/example_dag.py
[2025-03-09T18:57:27.784+0000] {processor.py:799} INFO - Processing file /opt/airflow/dags/example_dag.py for tasks to queue
[2025-03-09T18:57:27.784+0000] {logging_mixin.py:149} INFO - [2025-03-09T18:57:27.784+0000] {dagbag.py:541} INFO - Filling up the DagBag from /opt/airflow/dags/example_dag.py
[2025-03-09T18:57:27.797+0000] {processor.py:809} INFO - DAG(s) dict_keys(['simblock_example']) retrieved from /opt/airflow/dags/example_dag.py
[2025-03-09T18:57:27.818+0000] {logging_mixin.py:149} INFO - [2025-03-09T18:57:27.818+0000] {dag.py:2726} INFO - Sync 1 DAGs
[2025-03-09T18:57:27.950+0000] {logging_mixin.py:149} INFO - [2025-03-09T18:57:27.950+0000] {dag.py:3490} INFO - Setting next_dagrun for simblock_example to None, run_after=None
[2025-03-09T18:57:27.961+0000] {processor.py:178} INFO - Processing /opt/airflow/dags/example_dag.py took 0.181 seconds
[2025-03-09T18:57:58.000+0000] {processor.py:156} INFO - Started process (PID=20) to work on /opt/airflow/dags/example_dag.py
[2025-03-09T18:57:58.001+0000] {processor.py:799} INFO - Processing file /opt/airflow/dags/example_dag.py for tasks to queue
[2025-03-09T18:57:58.001+0000] {logging_mixin.py:149} INFO - [2025-03-09T18:57:58.001+0000] {dagbag.py:541} INFO - Filling up the DagBag from /opt/airflow/dags/example_dag.py
[2025-03-09T18:57:58.010+0000] {processor.py:809} INFO - DAG(s) dict_keys(['simblock_example']) retrieved from /opt/airflow/dags/example_dag.py
[2025-03-09T18:57:58.037+0000] {logging_mixin.py:149} INFO - [2025-03-09T18:57:58.037+0000] {dag.py:2726} INFO - Sync 1 DAGs
[2025-03-09T18:57:58.055+0000] {logging_mixin.py:149} INFO - [2025-03-09T18:57:58.055+0000] {dag.py:3490} INFO - Setting next_dagrun for simblock_example to None, run_after=None
[2025-03-09T18:57:58.066+0000] {processor.py:178} INFO - Processing /opt/airflow/dags/example_dag.py took 0.068 seconds
[2025-03-09T18:58:28.167+0000] {processor.py:156} INFO - Started process (PID=21) to work on /opt/airflow/dags/example_dag.py
[2025-03-09T18:58:28.173+0000] {processor.py:799} INFO - Processing file /opt/airflow/dags/example_dag.py for tasks to queue
[2025-03-09T18:58:28.174+0000] {logging_mixin.py:149} INFO - [2025-03-09T18:58:28.174+0000] {dagbag.py:541} INFO - Filling up the DagBag from /opt/airflow/dags/example_dag.py
[2025-03-09T18:58:28.183+0000] {processor.py:809} INFO - DAG(s) dict_keys(['simblock_example']) retrieved from /opt/airflow/dags/example_dag.py
[2025-03-09T18:58:28.204+0000] {logging_mixin.py:149} INFO - [2025-03-09T18:58:28.204+0000] {dag.py:2726} INFO - Sync 1 DAGs
[2025-03-09T18:58:28.221+0000] {logging_mixin.py:149} INFO - [2025-03-09T18:58:28.221+0000] {dag.py:3490} INFO - Setting next_dagrun for simblock_example to None, run_after=None
[2025-03-09T18:58:28.232+0000] {processor.py:178} INFO - Processing /opt/airflow/dags/example_dag.py took 0.067 seconds
[2025-03-09T18:58:58.282+0000] {processor.py:156} INFO - Started process (PID=22) to work on /opt/airflow/dags/example_dag.py
[2025-03-09T18:58:58.283+0000] {processor.py:799} INFO - Processing file /opt/airflow/dags/example_dag.py for tasks to queue
[2025-03-09T18:58:58.283+0000] {logging_mixin.py:149} INFO - [2025-03-09T18:58:58.283+0000] {dagbag.py:541} INFO - Filling up the DagBag from /opt/airflow/dags/example_dag.py
[2025-03-09T18:58:58.292+0000] {processor.py:809} INFO - DAG(s) dict_keys(['simblock_example']) retrieved from /opt/airflow/dags/example_dag.py
[2025-03-09T18:58:58.315+0000] {logging_mixin.py:149} INFO - [2025-03-09T18:58:58.315+0000] {dag.py:2726} INFO - Sync 1 DAGs
[2025-03-09T18:58:58.333+0000] {logging_mixin.py:149} INFO - [2025-03-09T18:58:58.333+0000] {dag.py:3490} INFO - Setting next_dagrun for simblock_example to None, run_after=None
[2025-03-09T18:58:58.344+0000] {processor.py:178} INFO - Processing /opt/airflow/dags/example_dag.py took 0.063 seconds
[2025-03-09T18:59:28.445+0000] {processor.py:156} INFO - Started process (PID=23) to work on /opt/airflow/dags/example_dag.py
[2025-03-09T18:59:28.445+0000] {processor.py:799} INFO - Processing file /opt/airflow/dags/example_dag.py for tasks to queue
[2025-03-09T18:59:28.446+0000] {logging_mixin.py:149} INFO - [2025-03-09T18:59:28.446+0000] {dagbag.py:541} INFO - Filling up the DagBag from /opt/airflow/dags/example_dag.py
[2025-03-09T18:59:28.454+0000] {processor.py:809} INFO - DAG(s) dict_keys(['simblock_example']) retrieved from /opt/airflow/dags/example_dag.py
[2025-03-09T18:59:28.476+0000] {logging_mixin.py:149} INFO - [2025-03-09T18:59:28.476+0000] {dag.py:2726} INFO - Sync 1 DAGs
[2025-03-09T18:59:28.493+0000] {logging_mixin.py:149} INFO - [2025-03-09T18:59:28.493+0000] {dag.py:3490} INFO - Setting next_dagrun for simblock_example to None, run_after=None
[2025-03-09T18:59:28.504+0000] {processor.py:178} INFO - Processing /opt/airflow/dags/example_dag.py took 0.062 seconds
[2025-03-09T18:59:58.558+0000] {processor.py:156} INFO - Started process (PID=24) to work on /opt/airflow/dags/example_dag.py
[2025-03-09T18:59:58.565+0000] {processor.py:799} INFO - Processing file /opt/airflow/dags/example_dag.py for tasks to queue
[2025-03-09T18:59:58.565+0000] {logging_mixin.py:149} INFO - [2025-03-09T18:59:58.565+0000] {dagbag.py:541} INFO - Filling up the DagBag from /opt/airflow/dags/example_dag.py
[2025-03-09T18:59:58.574+0000] {processor.py:809} INFO - DAG(s) dict_keys(['simblock_example']) retrieved from /opt/airflow/dags/example_dag.py
[2025-03-09T18:59:58.597+0000] {logging_mixin.py:149} INFO - [2025-03-09T18:59:58.597+0000] {dag.py:2726} INFO - Sync 1 DAGs
[2025-03-09T18:59:58.616+0000] {logging_mixin.py:149} INFO - [2025-03-09T18:59:58.615+0000] {dag.py:3490} INFO - Setting next_dagrun for simblock_example to None, run_after=None
[2025-03-09T18:59:58.626+0000] {processor.py:178} INFO - Processing /opt/airflow/dags/example_dag.py took 0.070 seconds
[2025-03-09T19:00:28.707+0000] {processor.py:156} INFO - Started process (PID=25) to work on /opt/airflow/dags/example_dag.py
[2025-03-09T19:00:28.713+0000] {processor.py:799} INFO - Processing file /opt/airflow/dags/example_dag.py for tasks to queue
[2025-03-09T19:00:28.714+0000] {logging_mixin.py:149} INFO - [2025-03-09T19:00:28.714+0000] {dagbag.py:541} INFO - Filling up the DagBag from /opt/airflow/dags/example_dag.py
[2025-03-09T19:00:28.723+0000] {processor.py:809} INFO - DAG(s) dict_keys(['simblock_example']) retrieved from /opt/airflow/dags/example_dag.py
[2025-03-09T19:00:28.745+0000] {logging_mixin.py:149} INFO - [2025-03-09T19:00:28.745+0000] {dag.py:2726} INFO - Sync 1 DAGs
[2025-03-09T19:00:28.762+0000] {logging_mixin.py:149} INFO - [2025-03-09T19:00:28.761+0000] {dag.py:3490} INFO - Setting next_dagrun for simblock_example to None, run_after=None
[2025-03-09T19:00:28.772+0000] {processor.py:178} INFO - Processing /opt/airflow/dags/example_dag.py took 0.067 seconds
[2025-03-09T19:00:58.829+0000] {processor.py:156} INFO - Started process (PID=26) to work on /opt/airflow/dags/example_dag.py
[2025-03-09T19:00:58.835+0000] {processor.py:799} INFO - Processing file /opt/airflow/dags/example_dag.py for tasks to queue
[2025-03-09T19:00:58.836+0000] {logging_mixin.py:149} INFO - [2025-03-09T19:00:58.836+0000] {dagbag.py:541} INFO - Filling up the DagBag from /opt/airflow/dags/example_dag.py
[2025-03-09T19:00:58.845+0000] {processor.py:809} INFO - DAG(s) dict_keys(['simblock_example']) retrieved from /opt/airflow/dags/example_dag.py
[2025-03-09T19:00:58.867+0000] {logging_mixin.py:149} INFO - [2025-03-09T19:00:58.867+0000] {dag.py:2726} INFO - Sync 1 DAGs
[2025-03-09T19:00:58.884+0000] {logging_mixin.py:149} INFO - [2025-03-09T19:00:58.884+0000] {dag.py:3490} INFO - Setting next_dagrun for simblock_example to None, run_after=None
[2025-03-09T19:00:58.896+0000] {processor.py:178} INFO - Processing /opt/airflow/dags/example_dag.py took 0.070 seconds
[2025-03-09T19:01:28.974+0000] {processor.py:156} INFO - Started process (PID=27) to work on /opt/airflow/dags/example_dag.py
[2025-03-09T19:01:28.975+0000] {processor.py:799} INFO - Processing file /opt/airflow/dags/example_dag.py for tasks to queue
[2025-03-09T19:01:28.975+0000] {logging_mixin.py:149} INFO - [2025-03-09T19:01:28.975+0000] {dagbag.py:541} INFO - Filling up the DagBag from /opt/airflow/dags/example_dag.py
[2025-03-09T19:01:28.984+0000] {processor.py:809} INFO - DAG(s) dict_keys(['simblock_example']) retrieved from /opt/airflow/dags/example_dag.py
[2025-03-09T19:01:29.007+0000] {logging_mixin.py:149} INFO - [2025-03-09T19:01:29.006+0000] {dag.py:2726} INFO - Sync 1 DAGs
[2025-03-09T19:01:29.025+0000] {logging_mixin.py:149} INFO - [2025-03-09T19:01:29.025+0000] {dag.py:3490} INFO - Setting next_dagrun for simblock_example to None, run_after=None
[2025-03-09T19:01:29.037+0000] {processor.py:178} INFO - Processing /opt/airflow/dags/example_dag.py took 0.065 seconds
[2025-03-09T19:01:59.088+0000] {processor.py:156} INFO - Started process (PID=28) to work on /opt/airflow/dags/example_dag.py
[2025-03-09T19:01:59.095+0000] {processor.py:799} INFO - Processing file /opt/airflow/dags/example_dag.py for tasks to queue
[2025-03-09T19:01:59.095+0000] {logging_mixin.py:149} INFO - [2025-03-09T19:01:59.095+0000] {dagbag.py:541} INFO - Filling up the DagBag from /opt/airflow/dags/example_dag.py
[2025-03-09T19:01:59.104+0000] {processor.py:809} INFO - DAG(s) dict_keys(['simblock_example']) retrieved from /opt/airflow/dags/example_dag.py
[2025-03-09T19:01:59.126+0000] {logging_mixin.py:149} INFO - [2025-03-09T19:01:59.126+0000] {dag.py:2726} INFO - Sync 1 DAGs
[2025-03-09T19:01:59.143+0000] {logging_mixin.py:149} INFO - [2025-03-09T19:01:59.143+0000] {dag.py:3490} INFO - Setting next_dagrun for simblock_example to None, run_after=None
[2025-03-09T19:01:59.153+0000] {processor.py:178} INFO - Processing /opt/airflow/dags/example_dag.py took 0.068 seconds
[2025-03-09T19:02:29.250+0000] {processor.py:156} INFO - Started process (PID=30) to work on /opt/airflow/dags/example_dag.py
[2025-03-09T19:02:29.257+0000] {processor.py:799} INFO - Processing file /opt/airflow/dags/example_dag.py for tasks to queue
[2025-03-09T19:02:29.257+0000] {logging_mixin.py:149} INFO - [2025-03-09T19:02:29.257+0000] {dagbag.py:541} INFO - Filling up the DagBag from /opt/airflow/dags/example_dag.py
[2025-03-09T19:02:29.267+0000] {processor.py:809} INFO - DAG(s) dict_keys(['simblock_example']) retrieved from /opt/airflow/dags/example_dag.py
[2025-03-09T19:02:29.289+0000] {logging_mixin.py:149} INFO - [2025-03-09T19:02:29.289+0000] {dag.py:2726} INFO - Sync 1 DAGs
[2025-03-09T19:02:29.307+0000] {logging_mixin.py:149} INFO - [2025-03-09T19:02:29.307+0000] {dag.py:3490} INFO - Setting next_dagrun for simblock_example to None, run_after=None
[2025-03-09T19:02:29.319+0000] {processor.py:178} INFO - Processing /opt/airflow/dags/example_dag.py took 0.071 seconds
[2025-03-09T19:02:59.374+0000] {processor.py:156} INFO - Started process (PID=32) to work on /opt/airflow/dags/example_dag.py
[2025-03-09T19:02:59.380+0000] {processor.py:799} INFO - Processing file /opt/airflow/dags/example_dag.py for tasks to queue
[2025-03-09T19:02:59.381+0000] {logging_mixin.py:149} INFO - [2025-03-09T19:02:59.381+0000] {dagbag.py:541} INFO - Filling up the DagBag from /opt/airflow/dags/example_dag.py
[2025-03-09T19:02:59.390+0000] {processor.py:809} INFO - DAG(s) dict_keys(['simblock_example']) retrieved from /opt/airflow/dags/example_dag.py
[2025-03-09T19:02:59.412+0000] {logging_mixin.py:149} INFO - [2025-03-09T19:02:59.412+0000] {dag.py:2726} INFO - Sync 1 DAGs
[2025-03-09T19:02:59.428+0000] {logging_mixin.py:149} INFO - [2025-03-09T19:02:59.428+0000] {dag.py:3490} INFO - Setting next_dagrun for simblock_example to None, run_after=None
[2025-03-09T19:02:59.439+0000] {processor.py:178} INFO - Processing /opt/airflow/dags/example_dag.py took 0.068 seconds
[2025-03-09T19:03:29.523+0000] {processor.py:156} INFO - Started process (PID=34) to work on /opt/airflow/dags/example_dag.py
[2025-03-09T19:03:29.523+0000] {processor.py:799} INFO - Processing file /opt/airflow/dags/example_dag.py for tasks to queue
[2025-03-09T19:03:29.523+0000] {logging_mixin.py:149} INFO - [2025-03-09T19:03:29.523+0000] {dagbag.py:541} INFO - Filling up the DagBag from /opt/airflow/dags/example_dag.py
[2025-03-09T19:03:29.532+0000] {processor.py:809} INFO - DAG(s) dict_keys(['simblock_example']) retrieved from /opt/airflow/dags/example_dag.py
[2025-03-09T19:03:29.554+0000] {logging_mixin.py:149} INFO - [2025-03-09T19:03:29.554+0000] {dag.py:2726} INFO - Sync 1 DAGs
[2025-03-09T19:03:29.571+0000] {logging_mixin.py:149} INFO - [2025-03-09T19:03:29.571+0000] {dag.py:3490} INFO - Setting next_dagrun for simblock_example to None, run_after=None
[2025-03-09T19:03:29.583+0000] {processor.py:178} INFO - Processing /opt/airflow/dags/example_dag.py took 0.062 seconds
[2025-03-09T19:03:59.648+0000] {processor.py:156} INFO - Started process (PID=36) to work on /opt/airflow/dags/example_dag.py
[2025-03-09T19:03:59.655+0000] {processor.py:799} INFO - Processing file /opt/airflow/dags/example_dag.py for tasks to queue
[2025-03-09T19:03:59.656+0000] {logging_mixin.py:149} INFO - [2025-03-09T19:03:59.656+0000] {dagbag.py:541} INFO - Filling up the DagBag from /opt/airflow/dags/example_dag.py
[2025-03-09T19:03:59.665+0000] {processor.py:809} INFO - DAG(s) dict_keys(['simblock_example']) retrieved from /opt/airflow/dags/example_dag.py
[2025-03-09T19:03:59.687+0000] {logging_mixin.py:149} INFO - [2025-03-09T19:03:59.687+0000] {dag.py:2726} INFO - Sync 1 DAGs
[2025-03-09T19:03:59.705+0000] {logging_mixin.py:149} INFO - [2025-03-09T19:03:59.704+0000] {dag.py:3490} INFO - Setting next_dagrun for simblock_example to None, run_after=None
[2025-03-09T19:03:59.715+0000] {processor.py:178} INFO - Processing /opt/airflow/dags/example_dag.py took 0.070 seconds
[2025-03-09T19:04:29.772+0000] {processor.py:156} INFO - Started process (PID=38) to work on /opt/airflow/dags/example_dag.py
[2025-03-09T19:04:29.779+0000] {processor.py:799} INFO - Processing file /opt/airflow/dags/example_dag.py for tasks to queue
[2025-03-09T19:04:29.779+0000] {logging_mixin.py:149} INFO - [2025-03-09T19:04:29.779+0000] {dagbag.py:541} INFO - Filling up the DagBag from /opt/airflow/dags/example_dag.py
[2025-03-09T19:04:29.788+0000] {processor.py:809} INFO - DAG(s) dict_keys(['simblock_example']) retrieved from /opt/airflow/dags/example_dag.py
[2025-03-09T19:04:29.810+0000] {logging_mixin.py:149} INFO - [2025-03-09T19:04:29.809+0000] {dag.py:2726} INFO - Sync 1 DAGs
[2025-03-09T19:04:29.827+0000] {logging_mixin.py:149} INFO - [2025-03-09T19:04:29.827+0000] {dag.py:3490} INFO - Setting next_dagrun for simblock_example to None, run_after=None
[2025-03-09T19:04:29.838+0000] {processor.py:178} INFO - Processing /opt/airflow/dags/example_dag.py took 0.068 seconds
[2025-03-09T19:04:59.889+0000] {processor.py:156} INFO - Started process (PID=40) to work on /opt/airflow/dags/example_dag.py
[2025-03-09T19:04:59.895+0000] {processor.py:799} INFO - Processing file /opt/airflow/dags/example_dag.py for tasks to queue
[2025-03-09T19:04:59.896+0000] {logging_mixin.py:149} INFO - [2025-03-09T19:04:59.896+0000] {dagbag.py:541} INFO - Filling up the DagBag from /opt/airflow/dags/example_dag.py
[2025-03-09T19:04:59.904+0000] {processor.py:809} INFO - DAG(s) dict_keys(['simblock_example']) retrieved from /opt/airflow/dags/example_dag.py
[2025-03-09T19:04:59.927+0000] {logging_mixin.py:149} INFO - [2025-03-09T19:04:59.927+0000] {dag.py:2726} INFO - Sync 1 DAGs
[2025-03-09T19:04:59.943+0000] {logging_mixin.py:149} INFO - [2025-03-09T19:04:59.943+0000] {dag.py:3490} INFO - Setting next_dagrun for simblock_example to None, run_after=None
[2025-03-09T19:04:59.954+0000] {processor.py:178} INFO - Processing /opt/airflow/dags/example_dag.py took 0.067 seconds
[2025-03-09T19:05:30.018+0000] {processor.py:156} INFO - Started process (PID=42) to work on /opt/airflow/dags/example_dag.py
[2025-03-09T19:05:30.025+0000] {processor.py:799} INFO - Processing file /opt/airflow/dags/example_dag.py for tasks to queue
[2025-03-09T19:05:30.025+0000] {logging_mixin.py:149} INFO - [2025-03-09T19:05:30.025+0000] {dagbag.py:541} INFO - Filling up the DagBag from /opt/airflow/dags/example_dag.py
[2025-03-09T19:05:30.034+0000] {processor.py:809} INFO - DAG(s) dict_keys(['simblock_example']) retrieved from /opt/airflow/dags/example_dag.py
[2025-03-09T19:05:30.055+0000] {logging_mixin.py:149} INFO - [2025-03-09T19:05:30.055+0000] {dag.py:2726} INFO - Sync 1 DAGs
[2025-03-09T19:05:30.072+0000] {logging_mixin.py:149} INFO - [2025-03-09T19:05:30.072+0000] {dag.py:3490} INFO - Setting next_dagrun for simblock_example to None, run_after=None
[2025-03-09T19:05:30.082+0000] {processor.py:178} INFO - Processing /opt/airflow/dags/example_dag.py took 0.066 seconds
[2025-03-09T19:06:00.134+0000] {processor.py:156} INFO - Started process (PID=44) to work on /opt/airflow/dags/example_dag.py
[2025-03-09T19:06:00.135+0000] {processor.py:799} INFO - Processing file /opt/airflow/dags/example_dag.py for tasks to queue
[2025-03-09T19:06:00.135+0000] {logging_mixin.py:149} INFO - [2025-03-09T19:06:00.135+0000] {dagbag.py:541} INFO - Filling up the DagBag from /opt/airflow/dags/example_dag.py
[2025-03-09T19:06:00.145+0000] {processor.py:809} INFO - DAG(s) dict_keys(['simblock_example']) retrieved from /opt/airflow/dags/example_dag.py
[2025-03-09T19:06:00.166+0000] {logging_mixin.py:149} INFO - [2025-03-09T19:06:00.166+0000] {dag.py:2726} INFO - Sync 1 DAGs
[2025-03-09T19:06:00.183+0000] {logging_mixin.py:149} INFO - [2025-03-09T19:06:00.183+0000] {dag.py:3490} INFO - Setting next_dagrun for simblock_example to None, run_after=None
[2025-03-09T19:06:00.194+0000] {processor.py:178} INFO - Processing /opt/airflow/dags/example_dag.py took 0.062 seconds
[2025-03-09T19:06:30.260+0000] {processor.py:156} INFO - Started process (PID=46) to work on /opt/airflow/dags/example_dag.py
[2025-03-09T19:06:30.260+0000] {processor.py:799} INFO - Processing file /opt/airflow/dags/example_dag.py for tasks to queue
[2025-03-09T19:06:30.261+0000] {logging_mixin.py:149} INFO - [2025-03-09T19:06:30.261+0000] {dagbag.py:541} INFO - Filling up the DagBag from /opt/airflow/dags/example_dag.py
[2025-03-09T19:06:30.269+0000] {processor.py:809} INFO - DAG(s) dict_keys(['simblock_example']) retrieved from /opt/airflow/dags/example_dag.py
[2025-03-09T19:06:30.290+0000] {logging_mixin.py:149} INFO - [2025-03-09T19:06:30.290+0000] {dag.py:2726} INFO - Sync 1 DAGs
[2025-03-09T19:06:30.306+0000] {logging_mixin.py:149} INFO - [2025-03-09T19:06:30.306+0000] {dag.py:3490} INFO - Setting next_dagrun for simblock_example to None, run_after=None
[2025-03-09T19:06:30.318+0000] {processor.py:178} INFO - Processing /opt/airflow/dags/example_dag.py took 0.060 seconds
[2025-03-09T19:07:00.381+0000] {processor.py:156} INFO - Started process (PID=48) to work on /opt/airflow/dags/example_dag.py
[2025-03-09T19:07:00.388+0000] {processor.py:799} INFO - Processing file /opt/airflow/dags/example_dag.py for tasks to queue
[2025-03-09T19:07:00.388+0000] {logging_mixin.py:149} INFO - [2025-03-09T19:07:00.388+0000] {dagbag.py:541} INFO - Filling up the DagBag from /opt/airflow/dags/example_dag.py
[2025-03-09T19:07:00.397+0000] {processor.py:809} INFO - DAG(s) dict_keys(['simblock_example']) retrieved from /opt/airflow/dags/example_dag.py
[2025-03-09T19:07:00.418+0000] {logging_mixin.py:149} INFO - [2025-03-09T19:07:00.418+0000] {dag.py:2726} INFO - Sync 1 DAGs
[2025-03-09T19:07:00.435+0000] {logging_mixin.py:149} INFO - [2025-03-09T19:07:00.435+0000] {dag.py:3490} INFO - Setting next_dagrun for simblock_example to None, run_after=None
[2025-03-09T19:07:00.446+0000] {processor.py:178} INFO - Processing /opt/airflow/dags/example_dag.py took 0.068 seconds
[2025-03-09T19:07:30.511+0000] {processor.py:156} INFO - Started process (PID=50) to work on /opt/airflow/dags/example_dag.py
[2025-03-09T19:07:30.517+0000] {processor.py:799} INFO - Processing file /opt/airflow/dags/example_dag.py for tasks to queue
[2025-03-09T19:07:30.518+0000] {logging_mixin.py:149} INFO - [2025-03-09T19:07:30.518+0000] {dagbag.py:541} INFO - Filling up the DagBag from /opt/airflow/dags/example_dag.py
[2025-03-09T19:07:30.526+0000] {processor.py:809} INFO - DAG(s) dict_keys(['simblock_example']) retrieved from /opt/airflow/dags/example_dag.py
[2025-03-09T19:07:30.547+0000] {logging_mixin.py:149} INFO - [2025-03-09T19:07:30.547+0000] {dag.py:2726} INFO - Sync 1 DAGs
[2025-03-09T19:07:30.564+0000] {logging_mixin.py:149} INFO - [2025-03-09T19:07:30.564+0000] {dag.py:3490} INFO - Setting next_dagrun for simblock_example to None, run_after=None
[2025-03-09T19:07:30.575+0000] {processor.py:178} INFO - Processing /opt/airflow/dags/example_dag.py took 0.066 seconds
[2025-03-09T19:08:00.631+0000] {processor.py:156} INFO - Started process (PID=52) to work on /opt/airflow/dags/example_dag.py
[2025-03-09T19:08:00.637+0000] {processor.py:799} INFO - Processing file /opt/airflow/dags/example_dag.py for tasks to queue
[2025-03-09T19:08:00.638+0000] {logging_mixin.py:149} INFO - [2025-03-09T19:08:00.638+0000] {dagbag.py:541} INFO - Filling up the DagBag from /opt/airflow/dags/example_dag.py
[2025-03-09T19:08:00.646+0000] {processor.py:809} INFO - DAG(s) dict_keys(['simblock_example']) retrieved from /opt/airflow/dags/example_dag.py
[2025-03-09T19:08:00.668+0000] {logging_mixin.py:149} INFO - [2025-03-09T19:08:00.668+0000] {dag.py:2726} INFO - Sync 1 DAGs
[2025-03-09T19:08:00.684+0000] {logging_mixin.py:149} INFO - [2025-03-09T19:08:00.684+0000] {dag.py:3490} INFO - Setting next_dagrun for simblock_example to None, run_after=None
[2025-03-09T19:08:00.695+0000] {processor.py:178} INFO - Processing /opt/airflow/dags/example_dag.py took 0.067 seconds
